<?xml version="1.0" encoding="UTF-8"?>
<!-- Generated by org.testng.reporters.JUnitReportReporter -->
<testsuite hostname="ASCINLAP61405" failures="0" tests="5" name="com.fry.tests.loginfirstcry" time="336.209" errors="0" timestamp="2025-10-27T11:09:07 IST" skipped="0">
  <testcase classname="com.fry.tests.loginfirstcry" name="loginToPepperfry" time="54.406"/>
  <testcase classname="com.fry.tests.loginfirstcry" name="searchAndAddBedToCart" time="33.235"/>
  <testcase classname="com.fry.tests.loginfirstcry" name="searchAndAddMultipleItemsToCart" time="56.724"/>
  <testcase classname="com.fry.tests.loginfirstcry" name="openWishlistProductAfterSaving" time="109.174"/>
  <testcase classname="com.fry.tests.loginfirstcry" name="logoutFromPepperfry" time="82.670"/>
</testsuite> <!-- com.fry.tests.loginfirstcry -->
